Mon Jun 05 15:12:33 IST 2017  [debug] AvalonLogChute initialized using file 'velocity.log'
Mon Jun 05 15:12:33 IST 2017  [debug] Velocity was not initialized! Calling init()...
Mon Jun 05 15:12:33 IST 2017  [trace] *******************************************************************
Mon Jun 05 15:12:33 IST 2017  [debug] Starting Apache Velocity v1.5 (compiled: 2007-02-22 08:52:29)
Mon Jun 05 15:12:33 IST 2017  [trace] RuntimeInstance initializing.
Mon Jun 05 15:12:33 IST 2017  [debug] Default Properties File: org\apache\velocity\runtime\defaults\velocity.properties
Mon Jun 05 15:12:33 IST 2017  [debug] Trying to use logger class org.apache.velocity.runtime.log.AvalonLogChute
Mon Jun 05 15:12:33 IST 2017  [debug] Using logger class org.apache.velocity.runtime.log.AvalonLogChute
Mon Jun 05 15:12:33 IST 2017  [debug] Default ResourceManager initializing. (class org.apache.velocity.runtime.resource.ResourceManagerImpl)
Mon Jun 05 15:12:33 IST 2017  [debug] ResourceLoader instantiated: org.apache.velocity.runtime.resource.loader.FileResourceLoader
Mon Jun 05 15:12:33 IST 2017  [trace] FileResourceLoader : initialization starting.
Mon Jun 05 15:12:33 IST 2017  [debug] Do unicode file recognition:  false
Mon Jun 05 15:12:33 IST 2017   [info] FileResourceLoader : adding path '.'
Mon Jun 05 15:12:33 IST 2017  [trace] FileResourceLoader : initialization complete.
Mon Jun 05 15:12:33 IST 2017  [debug] ResourceCache: initialized (class org.apache.velocity.runtime.resource.ResourceCacheImpl)
Mon Jun 05 15:12:33 IST 2017  [trace] Default ResourceManager initialization complete.
Mon Jun 05 15:12:33 IST 2017  [debug] Loaded System Directive: org.apache.velocity.runtime.directive.Literal
Mon Jun 05 15:12:33 IST 2017  [debug] Loaded System Directive: org.apache.velocity.runtime.directive.Macro
Mon Jun 05 15:12:33 IST 2017  [debug] Loaded System Directive: org.apache.velocity.runtime.directive.Parse
Mon Jun 05 15:12:33 IST 2017  [debug] Loaded System Directive: org.apache.velocity.runtime.directive.Include
Mon Jun 05 15:12:33 IST 2017  [debug] Loaded System Directive: org.apache.velocity.runtime.directive.Foreach
Mon Jun 05 15:12:33 IST 2017  [debug] Created '20' parsers.
Mon Jun 05 15:12:33 IST 2017  [trace] Velocimacro : initialization starting.
Mon Jun 05 15:12:33 IST 2017  [debug] Velocimacro : "velocimacro.library" is not set.  Trying default library: VM_global_library.vm
Mon Jun 05 15:12:33 IST 2017  [debug] Velocimacro : Default library not found.
Mon Jun 05 15:12:33 IST 2017  [debug] Velocimacro : allowInline = true : VMs can be defined inline in templates
Mon Jun 05 15:12:33 IST 2017  [debug] Velocimacro : allowInlineToOverride = false : VMs defined inline may NOT replace previous VM definitions
Mon Jun 05 15:12:33 IST 2017  [debug] Velocimacro : allowInlineLocal = false : VMs defined inline will be global in scope if allowed.
Mon Jun 05 15:12:33 IST 2017  [debug] Velocimacro : autoload off : VM system will not automatically reload global library macros
Mon Jun 05 15:12:33 IST 2017  [trace] Velocimacro : Velocimacro : initialization complete.
Mon Jun 05 15:12:33 IST 2017  [trace] RuntimeInstance successfully initialized.
